INFO     160.05_Orage.ms3 -- Attempting to parse 160.05_Orage.mscx
INFO     160.05_Orage.ms3 -- MC 7 is longer 3 than its nominal duration 1.
INFO     160.05_Orage.ms3 -- MC 8 is longer 6 than its nominal duration 1.
INFO     160.05_Orage.ms3 -- MC 116 is longer 6 than its nominal duration 1.
INFO     160.05_Orage.ms3 -- MC 117 is longer 3 than its nominal duration 1.
INFO     160.05_Orage.ms3 -- MC 160 is longer 9/2 than its nominal duration 1.
INFO     160.05_Orage.ms3 -- MC 161 is longer 7/2 than its nominal duration 1.
INFO     160.05_Orage.ms3 -- Done parsing 160.05_Orage.mscx

WARNING  160.05_Orage.expand_labels -- The following chords could not be parsed:
      mc   mn  onset         label
18    13   12    3/4          .bII
20    14   13    1/4     .bII6(+4)
23    15   14      0        .bII+6
24    15   14    1/4         .bII6
26    15   14    7/8          .bII
40    23   22    3/4          .bII
42    24   23    1/4     .bII6(+4)
45    25   24      0     .bII6(#5)
46    25   24    1/4         .bII6
48    25   24    7/8         .bII]
50    28   27  15/16  .bII.VI6(+6)
75    39   38    1/2         .bII6
77    39   38    3/4        .bIII6
78    39   38    7/8         .bIV6
80    40   39    1/8          .bV6
82    40   39    3/8         .bIV6
83    40   39    1/2        .bIII6
84    40   39    5/8         .bIV6
85    40   39    3/4        .bIII6
87    41   40      0         .bII6
91    43   42    1/2         .bII6
93    43   42    3/4        .bIII6
94    43   42    7/8         .bIV6
96    44   43    1/8          .bV6
98    44   43    3/8         .bIV6
99    44   43    1/2        .bIII6
100   44   43    5/8         .bIV6
101   44   43    3/4        .bIII6
103   45   44      0         .bII6
107   47   46    1/2         .bII6
109   47   46    3/4        .bIII6
112   48   47    1/8          .bV6
115   48   47    1/2        .bIII6
117   48   47    3/4        .bIII6
119   49   48      0         .bII6
123   51   50    1/2         .bII6
125   51   50    3/4        .bIII6
128   52   51    1/8          .bV6
131   52   51    1/2        .bIII6
133   52   51    3/4        .bIII6
187   91   90    1/4          .bII
194   93   92    3/8          .bII
220  104  103      0          .bII
221  104  103    1/2        .bII64
222  104  103  11/12     .bII6(#2)
223  105  104    1/4         .bII6
224  105  104  11/12          .bII
230  108  107      0          .bII
231  108  107    1/2        .bII64
232  108  107  11/12     .bII6(#2)
233  109  108    1/4         .bII6
234  109  108  11/12        .bII64
235  110  109    1/2         .bII6
236  110  109  11/12       .bII(7)
237  111  110    1/4          .bII
238  111  110  11/12         .bII6
239  112  111    1/2          .bII
240  113  112      0        .bIIM2
258  122  120    3/4          .bII
260  123  121    1/4     .bII6(+4)
263  124  122      0        .bII+6
264  124  122    1/4         .bII6
266  124  122    7/8          .bII
279  132  130    3/4          .bII
280  133  131      0    .bII64(#4)
281  133  131    1/4      .bII6(4)
283  133  131    3/4          .bII
284  134  132      0         .bII+
285  134  132    1/4         .bII6
287  134  132    3/4         .bII]
291  139  137    7/8        .bII64
295  142  140      0         .bII6
297  142  140    7/8         .bII6
ERROR    160.05_Orage -- Could not expand labels due to errors:
Traceback (most recent call last):
  File "scripts/parallel_parse.py", line 93, in parse
    expanded = expand_labels(chord_list, column='label', regex=regex, chord_tones=True, groupby=None, logger_name=S.fname).df
  File "/home/hentsche/corpora/scripts/expand_labels.py", line 421, in __init__
    df = self.propagate_pedal(df, cols=cols)
  File "/home/hentsche/corpora/scripts/expand_labels.py", line 747, in propagate_pedal
    assert n_b == n_e, f"{n_b} organ points started, {n_e} ended:\n{make_comparison()}"
AssertionError: 8 organ points started, 6 ended:
    mc pedal    mc pedalend
0    9     i    43        ]
1   41     I    45        ]
2   45     I    51        ]
3   49     I    53        ]
4   53  #VII    61        ]
5   57     I    70        ]
6   66     I  <NA>      NaN
7  118     i  <NA>      NaN
