INFO     160.09_Les_Cloches_de_Geneve_(Nocturne).ms3 -- Attempting to parse 160.09_Les_Cloches_de_Geneve_(Nocturne).mscx
WARNING  160.09_Les_Cloches_de_Geneve_(Nocturne).ms3 -- Event 524 in MC 45 has has duration 3/16 and starts on 15/32, surpassing the measure length of 1/2
WARNING  160.09_Les_Cloches_de_Geneve_(Nocturne).ms3 -- Event 525 in MC 45 has has duration 3/16 and starts on 15/32, surpassing the measure length of 1/2
WARNING  160.09_Les_Cloches_de_Geneve_(Nocturne).ms3 -- Event 526 in MC 45 has has duration 3/32 and starts on 15/32, surpassing the measure length of 1/2
WARNING  160.09_Les_Cloches_de_Geneve_(Nocturne).ms3 -- Event 527 in MC 45 has has duration 3/32 and starts on 15/32, surpassing the measure length of 1/2
WARNING  160.09_Les_Cloches_de_Geneve_(Nocturne).ms3 -- Event 528 in MC 45 has has duration 3/32 and starts on 9/16, surpassing the measure length of 1/2
WARNING  160.09_Les_Cloches_de_Geneve_(Nocturne).ms3 -- Event 529 in MC 45 has has duration 9/64 and starts on 9/16, surpassing the measure length of 1/2
WARNING  160.09_Les_Cloches_de_Geneve_(Nocturne).ms3 -- Event 530 in MC 45 has has duration 3/32 and starts on 21/32, surpassing the measure length of 1/2
WARNING  160.09_Les_Cloches_de_Geneve_(Nocturne).ms3 -- Event 531 in MC 45 has has duration 3/32 and starts on 21/32, surpassing the measure length of 1/2
WARNING  160.09_Les_Cloches_de_Geneve_(Nocturne).ms3 -- Event 532 in MC 45 has has duration 3/64 and starts on 45/64, surpassing the measure length of 1/2
INFO     160.09_Les_Cloches_de_Geneve_(Nocturne).ms3 -- MC 65 is longer 13/16 than its nominal duration 1/2.
INFO     160.09_Les_Cloches_de_Geneve_(Nocturne).ms3 -- MC 69 is longer 17/16 than its nominal duration 1/2.
INFO     160.09_Les_Cloches_de_Geneve_(Nocturne).ms3 -- MC 81 is longer 13/16 than its nominal duration 1/2.
INFO     160.09_Les_Cloches_de_Geneve_(Nocturne).ms3 -- MC 85 is longer 17/16 than its nominal duration 1/2.
INFO     160.09_Les_Cloches_de_Geneve_(Nocturne).ms3 -- MC 89 is longer 1 than its nominal duration 1/2.
INFO     160.09_Les_Cloches_de_Geneve_(Nocturne).ms3 -- MC 93 is longer 1 than its nominal duration 1/2.
INFO     160.09_Les_Cloches_de_Geneve_(Nocturne).ms3 -- MC 127 is longer 13/16 than its nominal duration 1/2.
INFO     160.09_Les_Cloches_de_Geneve_(Nocturne).ms3 -- MC 131 is longer 1 than its nominal duration 1/2.
INFO     160.09_Les_Cloches_de_Geneve_(Nocturne).ms3 -- MC 154 is longer 3/2 than its nominal duration 1/2.
INFO     160.09_Les_Cloches_de_Geneve_(Nocturne).ms3 -- MC 157 is longer 2 than its nominal duration 1/2.
INFO     160.09_Les_Cloches_de_Geneve_(Nocturne).ms3 -- MC 161 is longer 5/2 than its nominal duration 1/2.
INFO     160.09_Les_Cloches_de_Geneve_(Nocturne).ms3 -- Done parsing 160.09_Les_Cloches_de_Geneve_(Nocturne).mscx

